Starting FINAL HTTP Image Population Task...
[1/83] Susuwe Island Lodge - Cached
[2/83] Processing Chobe River Camp...
  > URL found but NO images.
[3/83] Processing Jackalberry Tented Camp...
  > URL found but NO images.
[4/83] Processing Nkasa Lupala Tented Lodge...
  > No Wetu URL.
[5/83] Zambezi Queen - Cached
[6/83] Processing Zambezi Mubala Camp...
  > URL found but NO images.
[7/83] Processing Zambezi Mubala Lodge...
  > URL found but NO images.
[8/83] Processing Ai Aiba Rock Painting Lodge...
  > URL found but NO images.
[9/83] Processing Desert Dune Safari...
  > URL found but NO images.
[10/83] Processing Etusis Lodge...
  > URL found but NO images.
[11/83] Processing Evening Shade...
  > URL found but NO images.
[12/83] Processing Hohenstein Lodge...
  > URL found but NO images.
[13/83] Processing Immenhof Guest Farm...
  > URL found but NO images.
[14/83] Processing Kashana Namibia...
  > URL found but NO images.
[15/83] Processing Damara Mopane Lodge...
