Starting HTTP-based Image Population Task (No Puppeteer)...
Target Lodges: 83
[1/83] Susuwe Island Lodge - Cached (3 imgs)
[2/83] Processing: Chobe River Camp...
  > URL found (https://wetu.com/iBrochure/en/Home/28492/Chobe_River_Camp_Gondwana_Collection_Namibia/RK=2/RS=ev1fq7qmx8JRwss9.rCnE44joUE-) but NO images extracted.
[3/83] Processing: Jackalberry Tented Camp...
  > URL found (https://wetu.com/iBrochure/en/Home/62180/Jackalberry_Tented_Camp/RK=2/RS=eE8ayVSyEyTZzCft2k6YZLqqxDQ-) but NO images extracted.
[4/83] Processing: Nkasa Lupala Tented Lodge...
  > No Wetu iBrochure URL found.
[5/83] Zambezi Queen - Cached (3 imgs)
[6/83] Processing: Zambezi Mubala Camp...
  > URL found (https://wetu.com/iBrochure/en/Home/1648-146055/zambezi_mubala_camp_gondwana_collection_namibia/RK=2/RS=lg2OKabgf2zGWsIZOq6dEgyWzLw-) but NO images extracted.
[7/83] Processing: Zambezi Mubala Lodge...
  > URL found (https://wetu.com/iBrochure/en/Home/109094/zambezi_mubala_lodge_gondwana_collection_namibia/RK=2/RS=KadFmoB4WeCb_Y.9X9QeOjjD0Xs-) but NO images extracted.
[8/83] Processing: Ai Aiba Rock Painting Lodge...
  > URL found (https://wetu.com/iBrochure/en/Home/32228_10519/ai_aiba_rock_painting_lodge/RK=2/RS=V_mVqo4sQCXzh_qe4N3cpi8gHVc-) but NO images extracted.
[9/83] Processing: Desert Dune Safari...
  > URL found (https://wetu.com/iBrochure/en/Home/7446-44742/desert_dune_safari/RK=2/RS=GC9_1ULbF1bAxgZ8NNreepRtKDE-) but NO images extracted.
[10/83] Processing: Etusis Lodge...
  > URL found (https://wetu.com/iBrochure/en/Information/27393/Etusis_Lodge/Why-Stay-Here/RK=2/RS=60_uwNE5cTtOGssa8KdjCWFIuKc-) but NO images extracted.
[11/83] Processing: Evening Shade...
  > URL found (https://wetu.com/iBrochure/en/Home/68250/evening_shade/RK=2/RS=cpLEkfcxemaeMWV6Zd7kPyLead8-) but NO images extracted.
[12/83] Processing: Hohenstein Lodge...
  > URL found (https://wetu.com/iBrochure/en/Home/10419/Hohenstein_Lodge/RK=2/RS=svqME78bQYabkRe0eFv9OlU8ocY-) but NO images extracted.
[13/83] Processing: Immenhof Guest Farm...
  > URL found (https://wetu.com/iBrochure/en/Home/56746-43318/immenhof_guest_farm/RK=2/RS=8eZvygv1.UHqZMzopdDS4jtYwvU-) but NO images extracted.
[14/83] Processing: Kashana Namibia...
  > URL found (https://wetu.com/iBrochure/en/Home/1288-27394/kashana_namibia/RK=2/RS=cJEQd7K0UrZ3YY6YRJuqBqM2vow-) but NO images extracted.
[15/83] Processing: Damara Mopane Lodge...
  > URL found (https://wetu.com/iBrochure/en/Home/24085/Damara_Mopane_Lodge_Gondwana_Collection_Namibia/RK=2/RS=C8PIkDlUBqpmNj2wymAT3VLzp.U-) but NO images extracted.
[16/83] Processing: Spitzkoppen Lodge...
  > URL found (https://wetu.com/iBrochure/en/Information/7357_101058/spitzkoppen_lodge/Facilities/RK=2/RS=0CihzuL_JCfkJJLUi9SFMQcyQYQ-) but NO images extracted.
[17/83] Processing: Etendeka Mountain Camp...
  > URL found (https://wetu.com/iBrochure/en/Home/20352/Etendeka_Mountain_Camp/RK=2/RS=vhh6riy.1buU8ck4b2Ws6S2EM5M-) but NO images extracted.
[18/83] Processing: Wilderness Doro Nawas...
  > URL found (https://wetu.com/iBrochure/en/Home/198_1533_1637/wilderness_doro_nawas/RK=2/RS=kHa8Ra35VAzhU1M3qB4TDGIcXeE-) but NO images extracted.
[19/83] Processing: Wilderness Damaraland Camp...
  > URL found (https://wetu.com/iBrochure/en/Home/1627/Damaraland_Camp/RK=2/RS=HabHoQVY9V0d1CNvvF6MO4rEVn0-) but NO images extracted.
[20/83] Processing: Wilderness Desert Rhino Camp...
  > URL found (https://wetu.com/iBrochure/en/Home/8725/Desert_Rhino_Camp/RK=2/RS=HrxiChJJ71HmgQKNFICuWCQtaqc-) but NO images extracted.
[21/83] Processing: Wilderness Kulala Desert Lodge...
  > URL found (https://wetu.com/iBrochure/en/Home/1520/Kulala_Desert_Lodge/RK=2/RS=vUvpV1yBBgD2j3dAC1aDmB_JISk-) but NO images extracted.
[22/83] Processing: Sossus Oasis Campsite...
  > URL found (https://wetu.com/iBrochure/en/Home/56746-32186/sossus_oasis_campsite/RK=2/RS=Cw1unysSwzBjzQUa8kC6wrMnRuY-) but NO images extracted.
[23/83] Processing: andBeyond Sossusvlei Desert Lodge...
  > URL found (https://wetu.com/iBrochure/en/Home/1518/andBeyond_Sossusvlei_Desert_Lodge/RK=2/RS=PjU4q2CWmrqhvVpRa9Xcr6mxvQc-) but NO images extracted.
[24/83] Processing: Namib Outpost...
  > URL found (https://wetu.com/iBrochure/en/Home/50215/namib_outpost/RK=2/RS=E8L8XlO8fjHaALbCGbnQlzIxU6U-) but NO images extracted.
[25/83] Processing: Elegant Desert Camp...
  > URL found (https://wetu.com/iBrochure/en/Home/123581/elegant_desert_camp/RK=2/RS=ol3jfKP3gB1xzcN1zH7r.6B3Ils-) but NO images extracted.
[26/83] Processing: Desert Whisper...
  > URL found (https://wetu.com/iBrochure/en/Home/192014/desert_whisper_gondwana_collection_namibia/RK=2/RS=sXshrrHrFfkoZ83FVA27.StF7Fk-) but NO images extracted.
[27/83] Processing: Namib Dune Star Camp...
  > URL found (https://wetu.com/iBrochure/en/Home/39214/Namib_Dune_Star_Camp_Gondwana_Collection_Namibia/RK=2/RS=Cre1gQ6oHZM_DeFgeII.tL5Vzl8-) but NO images extracted.
[28/83] Processing: The Desert Grace...
  > URL found (https://wetu.com/iBrochure/en/Home/136175/The_Desert_Grace_Gondwana_Collection_Namibia/RK=2/RS=o01UAdbK2o75n95Gcx7BC_IXSXE-) but NO images extracted.
[29/83] Processing: Namib Sky Balloon Safaris...
  > URL found (https://wetu.com/iBrochure/en/Home/6275-24373/Namib_Sky_Balloon_Safaris/RK=2/RS=7.geSysg6j_Rxv7bW4rkGCA0q8M-) but NO images extracted.
[30/83] Processing: Little Ongava...
  > URL found (https://wetu.com/iBrochure/en/Home/8723/Little_Ongava/RK=2/RS=8ZqiHyM2lLfKbBOnUix1_KgGMXg-) but NO images extracted.
[31/83] Processing: Mushara Bush Camp...
  > URL found (https://wetu.com/iBrochure/en/Home/35688_20477/mushara_bush_camp/RK=2/RS=xFfIu0JdLK97tkBLFQrVOr357k4-) but NO images extracted.
[32/83] Processing: Anderssons At Ongava...
  > URL found (https://wetu.com/iBrochure/en/Home/5812-8004/anderssons_at_ongava/RK=2/RS=C4c4Tl30PUsnUsqSgRQbHWLBazc-) but NO images extracted.
[33/83] Processing: Ongava Tented Camp...
  > URL found (https://wetu.com/iBrochure/en/Home/5812-8003/Ongava_Tented_Camp/RK=2/RS=zKWNuJ.9FXP4jesYNBe7VUs1Qtc-) but NO images extracted.
[34/83] Ongava Lodge - Cached (3 imgs)
[35/83] Processing: Onguma Forest Camp...
  > URL found (https://wetu.com/iBrochure/en/Home/10554/onguma_forest_camp/RK=2/RS=NTm5eXlQegthgwQd.ReQ0RHTmEw-) but NO images extracted.
[36/83] Processing: Villa Mushara...
  > URL found (https://wetu.com/iBrochure/en/Home/6275-37413/villa_mushara/RK=2/RS=vsdi6ylLTRbEO490Sj9skOGLKCU-) but NO images extracted.
[37/83] Processing: Etosha Mopane Safari Lodge...
  > URL found (https://wetu.com/iBrochure/en/Home/28876/Etosha_Safari_Lodge_Gondwana_Collection_Namibia/RK=2/RS=UZmEnG17GwMJ1_0K1gaXj4h49T4-) but NO images extracted.
[38/83] Processing: Safari House...
  > URL found (https://wetu.com/iBrochure/en/Home/2473-185000/natural_selection_safari_house/RK=2/RS=u28zGu3XjPH0RydfIiNEdDgKYgk-) but NO images extracted.
[39/83] Processing: Pelican Point Lodge...
  > URL found (https://wetu.com/iBrochure/en/Home/33274-32346/pelican_point_lodge/RK=2/RS=M2cy5Dh3fieaAplY8ZJLuyaUhYE-) but NO images extracted.
[40/83] Processing: Cornerstone Guesthouse...
  > URL found (https://wetu.com/iBrochure/en/Home/21613/Cornerstone_Guesthouse/RK=2/RS=EUrIUdFAOA2ebV62icfUaADe5lk-) but NO images extracted.
[41/83] Processing: Swakopmund Sands Hotel...
  > URL found (https://wetu.com/iBrochure/en/Home/34719/swakopmund_sands_hotel/RK=2/RS=1MLutT6IArHKIMZWMnTOdJWK838-) but NO images extracted.
[42/83] Processing: Canyon Lodge...
  > URL found (https://wetu.com/iBrochure/en/Home/1704/Canyon_Lodge%2C/RK=2/RS=ZZREh59xzssJQVRcgRi6gX9tz7o-) but NO images extracted.
[43/83] Processing: Canyon Roadhouse...
  > URL found (https://wetu.com/iBrochure/en/Home/8771-4033/canyon_roadhouse/RK=2/RS=x8jbspq5RAkPSrI6Y2zAmk6bk7g-) but NO images extracted.
[44/83] Fish River Lodge - Cached (3 imgs)
[45/83] Processing: Canyon Village...
  > URL found (https://wetu.com/iBrochure/en/Home/8771-1703/canyon_village/RK=2/RS=UuZjcAQBVqVXsDjrtW6nEcTfUZc-) but NO images extracted.
[46/83] Processing: Goibib Mountain Lodge...
  > URL found (https://wetu.com/iBrochure/en/Home/4085/Goibib_Mountain_Lodge/RK=2/RS=wn0mHDP20jDEQclld3X4XCLdgqE-) but NO images extracted.
[47/83] Processing: Harnas Wildlife Foundation...
  > No Wetu iBrochure URL found.
[48/83] Processing: Terra Rouge Guest Farm...
  > No Wetu iBrochure URL found.
[49/83] Processing: Guest Farm Kiripotib...
  > URL found (https://wetu.com/iBrochure/en/Home/64-29701/guest_farm_kiripotib/RK=2/RS=fgBdEGkfeCRdp24ZzyveF77W.lE-) but NO images extracted.
[50/83] Processing: Kalahari Red Dunes Lodge...
  > URL found (https://wetu.com/iBrochure/en/Home/24103/Kalahari_Red_Dunes_Lodge/RK=2/RS=Wof.G0oMHRn5EH3DZPMaG4KSz.s-) but NO images extracted.
[51/83] Processing: Teufelskrallen Lodge...
  > URL found (https://wetu.com/iBrochure/en/Home/6009-46547/teufelskrallen_lodge/RK=2/RS=E6hMx3ctNZ5PYOLX88tWQ404rmQ-) but NO images extracted.
[52/83] Processing: Ntunda Lodge...
  > URL found (https://wetu.com/iBrochure/en/Home/64-197540/ntunda_lodge/RK=2/RS=6QeyENefnPxFHP3lvEHONOctjWk-) but NO images extracted.
[53/83] Processing: Ongula Village Homestead Lodge...
  > No Wetu iBrochure URL found.
[54/83] Processing: Mango Guesthouse...
  > URL found (https://wetu.com/iBrochure/en/Information/262011/mango_house_seychelles/Documentation/RK=2/RS=1Hlt6PeQSvwJt5fv30FRGbFPbf0-) but NO images extracted.
[55/83] Processing: Hakusembe River Lodge...
  > URL found (https://wetu.com/iBrochure/en/Home/10483/Hakusembe_River_Lodge_Gondwana_Collection_Namibia/RK=2/RS=pd_Y_fFvkCSSFgHQsUkxOAFosqw-) but NO images extracted.
[56/83] Processing: Dornhuegel Guestfarm...
  > No Wetu iBrochure URL found.
[57/83] Processing: Gabus Game Ranch...
  > URL found (https://wetu.com/iBrochure/en/Virtual-Tours/32798/GabusGameRanch/RK=2/RS=JKwryjSnFuU9fYS.xeF7kGQPhMQ-) but NO images extracted.
[58/83] Processing: Haus Mopanie...
  > URL found (https://wetu.com/iBrochure/en/Home/179309/haus_mopanie/RK=2/RS=R.WkqdwlpMGMUwUKfeVY6MQWKfY-) but NO images extracted.
[59/83] Processing: La Rochelle Lodge...
  > URL found (https://wetu.com/iBrochure/en/Home/2571_27381/la_cle_lodge/RK=2/RS=X54aMhCJkvhQsi4miMD_A4B54ig-) but NO images extracted.
[60/83] Processing: Ohange Lodge...
  > URL found (https://wetu.com/iBrochure/en/Home/1288-27395/ohange_lodge/RK=2/RS=72bWhYbijNtx0uYS9oEhx0xK4Rg-) but NO images extracted.
[61/83] Processing: Wilderness Serra Cafema...
  > URL found (https://wetu.com/iBrochure/en/Home/1618/Serra_Cafema_Camp/RK=2/RS=vhRWmQPrzKPKVqLBmI.NdxpDO3o-) but NO images extracted.
[62/83] Processing: Wilderness Hoanib Skeleton Coast Camp...
  > URL found (https://wetu.com/iBrochure/en/Home/2965_28944/wilderness_hoanib_skeleton_coast_camp/RK=2/RS=GHX8C.r3sy1ns6YesnD6q_ElJ2E-) but NO images extracted.
[63/83] Processing: Hoanib Valley Camp...
  > URL found (https://wetu.com/iBrochure/en/Home/126088/hoanib_valley_camp/RK=2/RS=xEaRYWbQyQslQX2tJskV8Oc6mD8-) but NO images extracted.
[64/83] Processing: Okonjima Bush Suite...
  > URL found (https://wetu.com/iBrochure/en/Home/46848/Okonjima_Bush_Suite/RK=2/RS=9j1k.PIc8fWEc9w5_kCFgV.sxFI-) but NO images extracted.
[65/83] Processing: Okonjima Luxury Bush Camp...
  > URL found (https://wetu.com/iBrochure/en/Home/7592_8073_8726/Okonjima_Luxury_Bush_Camp/RK=2/RS=9H6IfxGSr_BVLhgwRhDugVbRX9k-) but NO images extracted.
[66/83] Processing: Okonjima Villa...
  > URL found (https://wetu.com/iBrochure/en/Home/7592_8073_20476/Okonjima_Villa/RK=2/RS=UdmF4.y0KxkJRoIWSN6aFWxYhwQ-) but NO images extracted.
[67/83] Processing: Casa Blanca Boutique Hotel...
  > URL found (https://wetu.com/iBrochure/en/Home/56746-400429/casablancaboutiquehotel/RK=2/RS=YWkZ9cdjerFWmVpurSSC0WOYiH4-) but NO images extracted.
[68/83] Processing: Immanuel Lodge...
  > URL found (https://wetu.com/iBrochure/en/Home/29060/Immanuel_Lodge/RK=2/RS=K2MZop0RPSVC6qUp54aXW1Vm9Sw-) but NO images extracted.
[69/83] Processing: Ti Melen Boutique Guesthouse...
  > URL found (https://wetu.com/iBrochure/en/Home/55342/ti_melen_boutique_guesthouse/RK=2/RS=1aoF5XDkTFHz6RFqr8g.w.jxf0g-) but NO images extracted.
[70/83] Processing: Etosha Oberland Lodge...
  > URL found (https://wetu.com/iBrochure/en/Home/6009-201088/etosha_oberland_lodge/RK=2/RS=6TXDSjf9CDvmhOH8z9QY45WUd3s-) but NO images extracted.
[71/83] Processing: Twyfelfontein Adventure Camp...
  > URL found (https://wetu.com/iBrochure/en/Home/6009-203468/twyfelfontein_adventure_camp/RK=2/RS=8JgvD2SKDTV0LKnmEmopelx_ErU-) but NO images extracted.
[72/83] Processing: Brigadoon Boutique Guesthouse...
  > URL found (https://wetu.com/iBrochure/en/Home/6009-297084/brigadoon_boutique_guesthouse/RK=2/RS=_xLq3OJCqAdx8j_abEox2zPMymk-) but NO images extracted.
[73/83] Processing: Waldeck Namibia...
  > URL found (https://wetu.com/iBrochure/en/Home/397308/waldeck_namibia/RK=2/RS=8FQxZ1A7cCrYNG7kVpRezq7MoxA-) but NO images extracted.
[74/83] Processing: Chobe Princess...
  > URL found (https://wetu.com/iBrochure/en/Home/26641/Chobe_Princesses/RK=2/RS=kYJ_Kqn5dbJ_aqESSi4Bx8f182c-) but NO images extracted.
[75/83] Processing: Wolwedans Boulders Camp...
  > URL found (https://wetu.com/iBrochure/en/Home/19816/wolwedans_boulders_camp/RK=2/RS=1371eTx9xhY3NL2f6VO__ai5KW0-) but NO images extracted.
[76/83] Processing: Wolwedans Plains Camp...
  > URL found (https://wetu.com/iBrochure/en/Home/19817/wolwedans_plains_camp/RK=2/RS=NYCWhQKNyx3RcO8R6q2Hg5g22Ak-) but NO images extracted.
[77/83] Processing: Wolwedans Mountain View Suite...
  > URL found (https://wetu.com/iBrochure/en/Home/49086/wolwedans_mountain_view_suite/RK=2/RS=9U9ZMFd.4gL3ZJnjpSmeK4Gr_mY-) but NO images extracted.
[78/83] Processing: Safarihoek Lodge...
  > URL found (https://wetu.com/iBrochure/en/Home/8702-98373/safarihoek_lodge/RK=2/RS=NxeXv0OyaThVmZh50tGYtrXsS_w-) but NO images extracted.
[79/83] Processing: Kwessi Dunes...
  > URL found (https://wetu.com/iBrochure/en/Home/18850_202780/kwessi_dunes/RK=2/RS=5wAAl75YjRp2aj6H_UDefveZ3Z4-) but NO images extracted.
[80/83] Processing: Nkasa Linyanti...
  > URL found (https://wetu.com/iBrochure/en/Home/405628/nkasa_linyanti/RK=2/RS=W8pSbT._q0x4xBJpEpyTSnL5rqE-) but NO images extracted.
[81/83] Processing: Hoanib Elephant Camp...
  > URL found (https://wetu.com/iBrochure/en/Information/405636/hoanib_elephant_camp/Why-Stay-Here/RK=2/RS=d_Fnah2ain_3R0vY6yJiQTsnCis-) but NO images extracted.
[82/83] Processing: Zannier Omaanda...
  > URL found (https://wetu.com/iBrochure/en/Launch/35688_137613/zannier_omaanda/Landing/RK=2/RS=YHwVnHrvEq4g1pSkdPyFRc1Kwiw-) but NO images extracted.
[83/83] Processing: Zannier Sonop...
  > URL found (https://wetu.com/iBrochure/en/Home/137615/zannier_hotels_sonop/RK=2/RS=mpJKr8lVaXrsQHuqz0Ac67KdfsM-) but NO images extracted.
Done.
