Starting HTTP-based Image Population Task (No Puppeteer)...
Target Lodges: 83
[1/83] Susuwe Island Lodge - Cached (3 imgs)
[2/83] Processing: Chobe River Camp...
  > URL found (https://wetu.com/iBrochure/en/Home/28492/Chobe_River_Camp_Gondwana_Collection_Namibia/RK=2/RS=ev1fq7qmx8JRwss9.rCnE44joUE-) but NO images extracted.
[3/83] Processing: Jackalberry Tented Camp...
  > URL found (https://wetu.com/iBrochure/en/Home/62180/Jackalberry_Tented_Camp/RK=2/RS=eE8ayVSyEyTZzCft2k6YZLqqxDQ-) but NO images extracted.
[4/83] Processing: Nkasa Lupala Tented Lodge...
  > No Wetu iBrochure URL found.
[5/83] Zambezi Queen - Cached (3 imgs)
[6/83] Processing: Zambezi Mubala Camp...
  > URL found (https://wetu.com/iBrochure/en/Home/1648-146055/zambezi_mubala_camp_gondwana_collection_namibia/RK=2/RS=lg2OKabgf2zGWsIZOq6dEgyWzLw-) but NO images extracted.
[7/83] Processing: Zambezi Mubala Lodge...
  > URL found (https://wetu.com/iBrochure/en/Home/109094/zambezi_mubala_lodge_gondwana_collection_namibia/RK=2/RS=KadFmoB4WeCb_Y.9X9QeOjjD0Xs-) but NO images extracted.
[8/83] Processing: Ai Aiba Rock Painting Lodge...
  > URL found (https://wetu.com/iBrochure/en/Home/32228_10519/ai_aiba_rock_painting_lodge/RK=2/RS=V_mVqo4sQCXzh_qe4N3cpi8gHVc-) but NO images extracted.
[9/83] Processing: Desert Dune Safari...
  > URL found (https://wetu.com/iBrochure/en/Home/7446-44742/desert_dune_safari/RK=2/RS=GC9_1ULbF1bAxgZ8NNreepRtKDE-) but NO images extracted.
[10/83] Processing: Etusis Lodge...
  > URL found (https://wetu.com/iBrochure/en/Information/27393/Etusis_Lodge/Why-Stay-Here/RK=2/RS=60_uwNE5cTtOGssa8KdjCWFIuKc-) but NO images extracted.
[11/83] Processing: Evening Shade...
  > URL found (https://wetu.com/iBrochure/en/Home/68250/evening_shade/RK=2/RS=cpLEkfcxemaeMWV6Zd7kPyLead8-) but NO images extracted.
[12/83] Processing: Hohenstein Lodge...
  > URL found (https://wetu.com/iBrochure/en/Home/10419/Hohenstein_Lodge/RK=2/RS=svqME78bQYabkRe0eFv9OlU8ocY-) but NO images extracted.
[13/83] Processing: Immenhof Guest Farm...
  > URL found (https://wetu.com/iBrochure/en/Home/56746-43318/immenhof_guest_farm/RK=2/RS=8eZvygv1.UHqZMzopdDS4jtYwvU-) but NO images extracted.
[14/83] Processing: Kashana Namibia...
  > URL found (https://wetu.com/iBrochure/en/Home/1288-27394/kashana_namibia/RK=2/RS=cJEQd7K0UrZ3YY6YRJuqBqM2vow-) but NO images extracted.
[15/83] Processing: Damara Mopane Lodge...
